TN:
SF:./src/client/app/animations/animations.module.js
FN:1,(anonymous_1)
FNF:1
FNH:1
FNDA:1,(anonymous_1)
DA:1,1
DA:4,1
LF:2
LH:2
BRF:0
BRH:0
end_of_record
TN:
SF:./src/client/app/app.module.js
FN:1,(anonymous_1)
FNF:1
FNH:1
FNDA:1,(anonymous_1)
DA:1,1
DA:4,1
LF:2
LH:2
BRF:0
BRH:0
end_of_record
TN:
SF:./src/client/app/blocks/exception/exception.module.js
FN:1,(anonymous_1)
FNF:1
FNH:1
FNDA:1,(anonymous_1)
DA:1,1
DA:4,1
LF:2
LH:2
BRF:0
BRH:0
end_of_record
TN:
SF:./src/client/app/blocks/logger/logger.module.js
FN:1,(anonymous_1)
FNF:1
FNH:1
FNDA:1,(anonymous_1)
DA:1,1
DA:4,1
LF:2
LH:2
BRF:0
BRH:0
end_of_record
TN:
SF:./src/client/app/blocks/router/404/404.module.js
FN:1,(anonymous_1)
FNF:1
FNH:1
FNDA:1,(anonymous_1)
DA:1,1
DA:4,1
LF:2
LH:2
BRF:0
BRH:0
end_of_record
TN:
SF:./src/client/app/blocks/router/router.module.js
FN:1,(anonymous_1)
FNF:1
FNH:1
FNDA:1,(anonymous_1)
DA:1,1
DA:4,1
LF:2
LH:2
BRF:0
BRH:0
end_of_record
TN:
SF:./src/client/app/core/core.module.js
FN:1,(anonymous_1)
FNF:1
FNH:1
FNDA:1,(anonymous_1)
DA:1,1
DA:4,1
LF:2
LH:2
BRF:0
BRH:0
end_of_record
TN:
SF:./src/client/app/directives/directives.module.js
FN:1,(anonymous_1)
FNF:1
FNH:1
FNDA:1,(anonymous_1)
DA:1,1
DA:4,1
LF:2
LH:2
BRF:0
BRH:0
end_of_record
TN:
SF:./src/client/app/features/services.module.js
FN:1,(anonymous_1)
FNF:1
FNH:1
FNDA:1,(anonymous_1)
DA:1,1
DA:4,1
LF:2
LH:2
BRF:0
BRH:0
end_of_record
TN:
SF:./src/client/app/filters/filters.module.js
FN:1,(anonymous_1)
FNF:1
FNH:1
FNDA:1,(anonymous_1)
DA:1,1
DA:4,1
LF:2
LH:2
BRF:0
BRH:0
end_of_record
TN:
SF:./src/client/app/landing/landing.module.js
FN:1,(anonymous_1)
FNF:1
FNH:1
FNDA:1,(anonymous_1)
DA:1,1
DA:4,1
LF:2
LH:2
BRF:0
BRH:0
end_of_record
TN:
SF:./src/client/app/layout/layout.module.js
FN:1,(anonymous_1)
FNF:1
FNH:1
FNDA:1,(anonymous_1)
DA:1,1
DA:4,1
LF:2
LH:2
BRF:0
BRH:0
end_of_record
TN:
SF:./src/client/app/widgets/widgets.module.js
FN:1,(anonymous_1)
FNF:1
FNH:1
FNDA:1,(anonymous_1)
DA:1,1
DA:4,1
LF:2
LH:2
BRF:0
BRH:0
end_of_record
TN:
SF:./src/client/app/blocks/exception/exception-handler.provider.js
FN:3,(anonymous_1)
FN:14,exceptionHandlerProvider
FN:20,(anonymous_3)
FN:24,(anonymous_4)
FN:37,config
FN:50,extendExceptionHandler
FN:51,(anonymous_7)
FNF:7
FNH:7
FNDA:1,(anonymous_1)
FNDA:8,exceptionHandlerProvider
FNDA:5,(anonymous_3)
FNDA:10,(anonymous_4)
FNDA:8,config
FNDA:8,extendExceptionHandler
FNDA:1,(anonymous_7)
DA:3,1
DA:6,1
DA:14,1
DA:16,8
DA:20,8
DA:21,5
DA:24,8
DA:25,10
DA:29,1
DA:37,1
DA:38,8
DA:41,1
DA:50,1
DA:51,8
DA:52,1
DA:53,1
DA:54,1
DA:55,1
DA:65,0
LF:19
LH:18
BRDA:52,1,0,1
BRDA:52,1,1,0
BRF:2
BRH:1
end_of_record
TN:
SF:./src/client/app/blocks/exception/exception.js
FN:1,(anonymous_1)
FN:9,exception
FN:15,catcher
FN:16,(anonymous_4)
FNF:4
FNH:1
FNDA:1,(anonymous_1)
FNDA:0,exception
FNDA:0,catcher
FNDA:0,(anonymous_4)
DA:1,1
DA:4,1
DA:9,1
DA:10,0
DA:13,0
DA:15,1
DA:16,0
DA:17,0
DA:18,0
DA:19,0
DA:20,0
DA:21,0
DA:23,0
DA:24,0
DA:25,0
LF:15
LH:4
BRDA:19,1,0,0
BRDA:19,1,1,0
BRDA:19,2,0,0
BRDA:19,2,1,0
BRF:4
BRH:0
end_of_record
TN:
SF:./src/client/app/blocks/logger/logger.js
FN:1,(anonymous_1)
FN:11,logger
FN:27,error
FN:32,info
FN:37,success
FN:42,warning
FNF:6
FNH:2
FNDA:1,(anonymous_1)
FNDA:8,logger
FNDA:0,error
FNDA:0,info
FNDA:0,success
FNDA:0,warning
DA:1,1
DA:4,1
DA:8,1
DA:11,1
DA:12,8
DA:24,8
DA:27,1
DA:28,0
DA:29,0
DA:32,1
DA:33,0
DA:34,0
DA:37,1
DA:38,0
DA:39,0
DA:42,1
DA:43,0
DA:44,0
LF:18
LH:10
BRF:0
BRH:0
end_of_record
TN:
SF:./src/client/app/blocks/router/404/config.route.js
FN:1,(anonymous_1)
FN:11,routeConfig
FN:16,getStates
FNF:3
FNH:1
FNDA:1,(anonymous_1)
FNDA:0,routeConfig
FNDA:0,getStates
DA:1,1
DA:4,1
DA:8,1
DA:11,1
DA:12,0
DA:13,0
DA:16,1
DA:17,0
LF:8
LH:5
BRF:0
BRH:0
end_of_record
TN:
SF:./src/client/app/blocks/router/router-helper.provider.js
FN:2,(anonymous_1)
FN:11,routerHelperProvider
FN:20,(anonymous_3)
FN:27,RouterHelper
FN:47,configureStates
FN:48,(anonymous_6)
FN:63,handleRoutingErrors
FN:68,(anonymous_8)
FN:86,init
FN:91,getStates
FN:93,updateDocTitle
FN:95,(anonymous_12)
FNF:12
FNH:1
FNDA:1,(anonymous_1)
FNDA:0,routerHelperProvider
FNDA:0,(anonymous_3)
FNDA:0,RouterHelper
FNDA:0,configureStates
FNDA:0,(anonymous_6)
FNDA:0,handleRoutingErrors
FNDA:0,(anonymous_8)
FNDA:0,init
FNDA:0,getStates
FNDA:0,updateDocTitle
FNDA:0,(anonymous_12)
DA:2,1
DA:5,1
DA:9,1
DA:11,1
DA:13,0
DA:18,0
DA:20,0
DA:21,0
DA:24,0
DA:25,0
DA:27,1
DA:28,0
DA:29,0
DA:30,0
DA:35,0
DA:41,0
DA:43,0
DA:47,1
DA:48,0
DA:49,0
DA:51,0
DA:53,0
DA:54,0
DA:55,0
DA:58,0
DA:59,0
DA:60,0
DA:63,1
DA:67,0
DA:69,0
DA:70,0
DA:72,0
DA:73,0
DA:74,0
DA:77,0
DA:80,0
DA:81,0
DA:86,1
DA:87,0
DA:88,0
DA:91,1
DA:93,1
DA:94,0
DA:96,0
DA:97,0
DA:98,0
DA:99,0
LF:47
LH:10
BRDA:50,1,0,0
BRDA:50,1,1,0
BRDA:53,2,0,0
BRDA:53,2,1,0
BRDA:53,3,0,0
BRDA:53,3,1,0
BRDA:69,4,0,0
BRDA:69,4,1,0
BRDA:74,5,0,0
BRDA:74,5,1,0
BRDA:74,5,2,0
BRDA:74,5,3,0
BRDA:74,5,4,0
BRDA:78,6,0,0
BRDA:78,6,1,0
BRDA:78,7,0,0
BRDA:78,7,1,0
BRDA:79,8,0,0
BRDA:79,8,1,0
BRDA:98,9,0,0
BRDA:98,9,1,0
BRF:21
BRH:0
end_of_record
TN:
SF:./src/client/app/core/common.js
FN:1,(anonymous_1)
FN:9,common
FN:21,$broadcast
FN:25,form2Json
FN:28,(anonymous_5)
FN:30,(anonymous_6)
FN:39,(anonymous_7)
FN:63,randomString
FN:72,getYoutubeId
FNF:9
FNH:1
FNDA:1,(anonymous_1)
FNDA:0,common
FNDA:0,$broadcast
FNDA:0,form2Json
FNDA:0,(anonymous_5)
FNDA:0,(anonymous_6)
FNDA:0,(anonymous_7)
FNDA:0,randomString
FNDA:0,getYoutubeId
DA:1,1
DA:3,1
DA:6,1
DA:9,1
DA:10,0
DA:19,0
DA:21,1
DA:22,0
DA:25,1
DA:26,0
DA:27,0
DA:28,0
DA:29,0
DA:30,0
DA:31,0
DA:34,0
DA:37,0
DA:38,0
DA:39,0
DA:40,0
DA:42,0
DA:44,0
DA:45,0
DA:46,0
DA:47,0
DA:48,0
DA:49,0
DA:50,0
DA:51,0
DA:53,0
DA:54,0
DA:57,0
DA:60,0
DA:63,1
DA:64,0
DA:65,0
DA:66,0
DA:67,0
DA:69,0
DA:72,1
DA:73,0
DA:74,0
DA:75,0
DA:76,0
LF:44
LH:8
BRDA:27,1,0,0
BRDA:27,1,1,0
BRDA:29,2,0,0
BRDA:29,2,1,0
BRDA:37,3,0,0
BRDA:37,3,1,0
BRDA:49,4,0,0
BRDA:49,4,1,0
BRDA:50,5,0,0
BRDA:50,5,1,0
BRDA:75,6,0,0
BRDA:75,6,1,0
BRDA:75,7,0,0
BRDA:75,7,1,0
BRF:14
BRH:0
end_of_record
TN:
SF:./src/client/app/core/config.js
FN:1,(anonymous_1)
FN:11,toastrConfig
FN:37,configure
FN:57,configureMdTheme
FN:99,configureWithCredentials
FN:103,configureSCEWhitelist
FN:115,run
FNF:7
FNH:1
FNDA:1,(anonymous_1)
FNDA:0,toastrConfig
FNDA:0,configure
FNDA:0,configureMdTheme
FNDA:0,configureWithCredentials
FNDA:0,configureSCEWhitelist
FNDA:0,run
DA:1,1
DA:4,1
DA:6,1
DA:7,1
DA:9,1
DA:11,1
DA:12,0
DA:13,0
DA:16,1
DA:29,1
DA:31,1
DA:33,1
DA:37,1
DA:45,0
DA:46,0
DA:48,0
DA:49,0
DA:53,0
DA:55,0
DA:57,1
DA:58,0
DA:62,0
DA:84,0
DA:92,0
DA:99,1
DA:100,0
DA:103,1
DA:104,0
DA:113,1
DA:115,1
DA:116,0
LF:31
LH:16
BRDA:45,1,0,0
BRDA:45,1,1,0
BRF:2
BRH:0
end_of_record
TN:
SF:./src/client/app/core/constants.js
FN:2,(anonymous_1)
FNF:1
FNH:1
FNDA:1,(anonymous_1)
DA:2,1
DA:5,1
LF:2
LH:2
BRF:0
BRH:0
end_of_record
TN:
SF:./src/client/app/core/xhr.js
FN:1,(anonymous_1)
FN:9,XHR
FN:21,get
FN:33,post
FN:47,(anonymous_5)
FN:50,(anonymous_6)
FN:57,postUrlFormDataEncoded
FN:71,(anonymous_8)
FN:74,(anonymous_9)
FN:80,delet
FN:94,(anonymous_11)
FN:97,(anonymous_12)
FNF:12
FNH:1
FNDA:1,(anonymous_1)
FNDA:0,XHR
FNDA:0,get
FNDA:0,post
FNDA:0,(anonymous_5)
FNDA:0,(anonymous_6)
FNDA:0,postUrlFormDataEncoded
FNDA:0,(anonymous_8)
FNDA:0,(anonymous_9)
FNDA:0,delet
FNDA:0,(anonymous_11)
FNDA:0,(anonymous_12)
DA:1,1
DA:4,1
DA:7,1
DA:9,1
DA:10,0
DA:17,0
DA:18,0
DA:21,1
DA:22,0
DA:23,0
DA:30,0
DA:33,1
DA:34,0
DA:35,0
DA:36,0
DA:37,0
DA:46,0
DA:48,0
DA:51,0
DA:54,0
DA:57,1
DA:58,0
DA:59,0
DA:60,0
DA:70,0
DA:72,0
DA:75,0
DA:77,0
DA:80,1
DA:81,0
DA:82,0
DA:84,0
DA:93,0
DA:95,0
DA:98,0
DA:101,0
LF:36
LH:8
BRF:0
BRH:0
end_of_record
TN:
SF:./src/client/app/directives/all-post.js
FN:1,(anonymous_1)
FN:11,allPost
FN:83,(anonymous_3)
FN:106,(anonymous_4)
FNF:4
FNH:1
FNDA:1,(anonymous_1)
FNDA:0,allPost
FNDA:0,(anonymous_3)
FNDA:0,(anonymous_4)
DA:1,1
DA:5,1
DA:9,1
DA:11,1
DA:12,0
DA:35,0
DA:60,0
DA:83,0
DA:84,0
DA:85,0
DA:87,0
DA:88,0
DA:91,0
DA:92,0
DA:94,0
DA:95,0
DA:97,0
DA:100,0
DA:107,0
DA:108,0
DA:110,0
DA:111,0
LF:22
LH:4
BRDA:85,1,0,0
BRDA:85,1,1,0
BRDA:85,1,2,0
BRDA:85,1,3,0
BRDA:107,2,0,0
BRDA:107,2,1,0
BRF:6
BRH:0
end_of_record
TN:
SF:./src/client/app/directives/single-post.js
FN:1,(anonymous_1)
FN:10,singlePost
FN:180,(anonymous_3)
FN:203,(anonymous_4)
FNF:4
FNH:1
FNDA:1,(anonymous_1)
FNDA:0,singlePost
FNDA:0,(anonymous_3)
FNDA:0,(anonymous_4)
DA:1,1
DA:4,1
DA:8,1
DA:10,1
DA:11,0
DA:78,0
DA:129,0
DA:180,0
DA:181,0
DA:182,0
DA:184,0
DA:185,0
DA:187,0
DA:188,0
DA:190,0
DA:191,0
DA:193,0
DA:196,0
DA:204,0
DA:205,0
DA:206,0
DA:208,0
DA:209,0
LF:23
LH:4
BRDA:182,1,0,0
BRDA:182,1,1,0
BRDA:182,1,2,0
BRDA:205,2,0,0
BRDA:205,2,1,0
BRF:5
BRH:0
end_of_record
TN:
SF:./src/client/app/directives/sticky-nav.js
FN:1,(anonymous_1)
FN:11,stickyNav
FN:31,(anonymous_3)
FN:32,(anonymous_4)
FN:34,(anonymous_5)
FNF:5
FNH:1
FNDA:1,(anonymous_1)
FNDA:0,stickyNav
FNDA:0,(anonymous_3)
FNDA:0,(anonymous_4)
FNDA:0,(anonymous_5)
DA:1,1
DA:4,1
DA:8,1
DA:11,1
DA:12,0
DA:27,0
DA:32,0
DA:33,0
DA:34,0
DA:35,0
DA:36,0
DA:37,0
DA:39,0
LF:13
LH:4
BRDA:36,1,0,0
BRDA:36,1,1,0
BRF:2
BRH:0
end_of_record
TN:
SF:./src/client/app/features/BlogService.js
FN:1,(anonymous_1)
FN:10,BlogService
FN:20,getSingle
FN:24,(anonymous_4)
FN:29,(anonymous_5)
FN:41,filter
FN:45,getAll
FN:50,(anonymous_8)
FN:53,(anonymous_9)
FN:62,getFeatured
FN:67,(anonymous_11)
FN:70,(anonymous_12)
FNF:12
FNH:1
FNDA:1,(anonymous_1)
FNDA:0,BlogService
FNDA:0,getSingle
FNDA:0,(anonymous_4)
FNDA:0,(anonymous_5)
FNDA:0,filter
FNDA:0,getAll
FNDA:0,(anonymous_8)
FNDA:0,(anonymous_9)
FNDA:0,getFeatured
FNDA:0,(anonymous_11)
FNDA:0,(anonymous_12)
DA:1,1
DA:4,1
DA:8,1
DA:10,1
DA:11,0
DA:12,0
DA:17,0
DA:20,1
DA:21,0
DA:22,0
DA:23,0
DA:24,0
DA:25,0
DA:28,0
DA:30,0
DA:33,0
DA:36,0
DA:38,0
DA:41,1
DA:42,0
DA:45,1
DA:46,0
DA:47,0
DA:48,0
DA:49,0
DA:51,0
DA:52,0
DA:54,0
DA:57,0
DA:59,0
DA:62,1
DA:63,0
DA:64,0
DA:65,0
DA:66,0
DA:68,0
DA:69,0
DA:71,0
DA:74,0
DA:76,0
LF:40
LH:8
BRDA:23,1,0,0
BRDA:23,1,1,0
BRDA:48,2,0,0
BRDA:48,2,1,0
BRDA:65,3,0,0
BRDA:65,3,1,0
BRF:6
BRH:0
end_of_record
TN:
SF:./src/client/app/filters/html-text.js
FN:1,(anonymous_1)
FN:8,htmlToPlaintext
FN:9,(anonymous_3)
FNF:3
FNH:1
FNDA:1,(anonymous_1)
FNDA:0,htmlToPlaintext
FNDA:0,(anonymous_3)
DA:1,1
DA:4,1
DA:8,1
DA:9,0
DA:10,0
LF:5
LH:3
BRDA:10,1,0,0
BRDA:10,1,1,0
BRF:2
BRH:0
end_of_record
TN:
SF:./src/client/app/filters/tel.js
FN:1,(anonymous_1)
FN:8,tel
FN:9,(anonymous_3)
FNF:3
FNH:1
FNDA:1,(anonymous_1)
FNDA:0,tel
FNDA:0,(anonymous_3)
DA:1,1
DA:4,1
DA:8,1
DA:9,0
DA:10,0
DA:11,0
DA:14,0
DA:16,0
DA:17,0
DA:20,0
DA:22,0
DA:26,0
DA:27,0
DA:30,0
DA:31,0
DA:34,0
DA:35,0
DA:36,0
DA:38,0
DA:41,0
DA:43,0
LF:21
LH:3
BRDA:10,1,0,0
BRDA:10,1,1,0
BRDA:16,2,0,0
BRDA:16,2,1,0
BRDA:22,3,0,0
BRDA:22,3,1,0
BRDA:22,3,2,0
BRDA:22,3,3,0
BRDA:34,4,0,0
BRDA:34,4,1,0
BRDA:35,5,0,0
BRDA:35,5,1,0
BRF:12
BRH:0
end_of_record
TN:
SF:./src/client/app/filters/unique.js
FN:1,(anonymous_1)
FN:8,Unique
FN:9,(anonymous_3)
FN:18,(anonymous_4)
FN:26,(anonymous_5)
FNF:5
FNH:1
FNDA:1,(anonymous_1)
FNDA:0,Unique
FNDA:0,(anonymous_3)
FNDA:0,(anonymous_4)
FNDA:0,(anonymous_5)
DA:1,1
DA:4,1
DA:8,1
DA:9,0
DA:10,0
DA:11,0
DA:14,0
DA:15,0
DA:18,0
DA:19,0
DA:20,0
DA:22,0
DA:26,0
DA:27,0
DA:29,0
DA:30,0
DA:31,0
DA:32,0
DA:35,0
DA:36,0
DA:40,0
DA:42,0
LF:22
LH:3
BRDA:10,1,0,0
BRDA:10,1,1,0
BRDA:14,2,0,0
BRDA:14,2,1,0
BRDA:14,3,0,0
BRDA:14,3,1,0
BRDA:14,3,2,0
BRDA:19,4,0,0
BRDA:19,4,1,0
BRDA:19,5,0,0
BRDA:19,5,1,0
BRDA:30,6,0,0
BRDA:30,6,1,0
BRDA:35,7,0,0
BRDA:35,7,1,0
BRF:15
BRH:0
end_of_record
TN:
SF:./src/client/app/ipsf.js
FN:1,(anonymous_1)
FN:10,ipsf
FN:14,(anonymous_3)
FN:23,(anonymous_4)
FN:27,(anonymous_5)
FN:31,(anonymous_6)
FNF:6
FNH:1
FNDA:1,(anonymous_1)
FNDA:0,ipsf
FNDA:0,(anonymous_3)
FNDA:0,(anonymous_4)
FNDA:0,(anonymous_5)
FNDA:0,(anonymous_6)
DA:1,1
DA:4,1
DA:8,1
DA:10,1
DA:11,0
DA:12,0
DA:14,0
DA:15,0
DA:16,0
DA:17,0
DA:18,0
DA:20,0
DA:23,0
DA:24,0
DA:27,0
DA:28,0
DA:31,0
DA:32,0
DA:33,0
LF:19
LH:4
BRDA:17,1,0,0
BRDA:17,1,1,0
BRF:2
BRH:0
end_of_record
TN:
SF:./src/client/app/landing/blog.js
FN:1,(anonymous_1)
FN:10,Blog
FN:40,(anonymous_3)
FNF:3
FNH:1
FNDA:1,(anonymous_1)
FNDA:0,Blog
FNDA:0,(anonymous_3)
DA:1,1
DA:4,1
DA:8,1
DA:10,1
DA:11,0
DA:12,0
DA:13,0
DA:18,0
DA:19,0
DA:20,0
DA:23,0
DA:24,0
DA:27,0
DA:30,0
DA:33,0
DA:38,0
DA:40,0
DA:41,0
DA:42,0
DA:48,0
DA:49,0
LF:21
LH:4
BRDA:18,1,0,0
BRDA:18,1,1,0
BRDA:48,2,0,0
BRDA:48,2,1,0
BRF:4
BRH:0
end_of_record
TN:
SF:./src/client/app/landing/config.routes.js
FN:1,(anonymous_1)
FN:11,routeConfig
FN:15,getStates
FN:49,(anonymous_4)
FN:51,(anonymous_5)
FN:80,(anonymous_6)
FN:100,(anonymous_7)
FN:101,(anonymous_8)
FN:180,(anonymous_9)
FN:182,(anonymous_10)
FN:185,(anonymous_11)
FN:190,(anonymous_12)
FN:192,(anonymous_13)
FN:198,(anonymous_14)
FN:249,(anonymous_15)
FN:252,(anonymous_16)
FN:254,(anonymous_17)
FNF:17
FNH:1
FNDA:1,(anonymous_1)
FNDA:0,routeConfig
FNDA:0,getStates
FNDA:0,(anonymous_4)
FNDA:0,(anonymous_5)
FNDA:0,(anonymous_6)
FNDA:0,(anonymous_7)
FNDA:0,(anonymous_8)
FNDA:0,(anonymous_9)
FNDA:0,(anonymous_10)
FNDA:0,(anonymous_11)
FNDA:0,(anonymous_12)
FNDA:0,(anonymous_13)
FNDA:0,(anonymous_14)
FNDA:0,(anonymous_15)
FNDA:0,(anonymous_16)
FNDA:0,(anonymous_17)
DA:1,1
DA:4,1
DA:8,1
DA:11,1
DA:12,0
DA:15,1
DA:16,0
DA:50,0
DA:51,0
DA:52,0
DA:55,0
DA:61,0
DA:68,0
DA:69,0
DA:70,0
DA:71,0
DA:72,0
DA:73,0
DA:75,0
DA:81,0
DA:83,0
DA:101,0
DA:102,0
DA:181,0
DA:182,0
DA:183,0
DA:184,0
DA:186,0
DA:188,0
DA:191,0
DA:192,0
DA:193,0
DA:194,0
DA:196,0
DA:199,0
DA:201,0
DA:250,0
DA:251,0
DA:253,0
DA:255,0
DA:256,0
DA:258,0
LF:42
LH:5
BRDA:193,1,0,0
BRDA:193,1,1,0
BRF:2
BRH:0
end_of_record
TN:
SF:./src/client/app/landing/landing.js
FN:1,(anonymous_1)
FN:10,Landing
FN:14,(anonymous_3)
FN:18,(anonymous_4)
FN:22,(anonymous_5)
FNF:5
FNH:1
FNDA:1,(anonymous_1)
FNDA:0,Landing
FNDA:0,(anonymous_3)
FNDA:0,(anonymous_4)
FNDA:0,(anonymous_5)
DA:1,1
DA:4,1
DA:8,1
DA:10,1
DA:11,0
DA:12,0
DA:14,0
DA:15,0
DA:20,0
DA:21,0
DA:23,0
LF:11
LH:4
BRF:0
BRH:0
end_of_record
TN:
SF:./src/client/app/landing/media.js
FN:1,(anonymous_1)
FN:10,Media
FN:27,(anonymous_3)
FN:50,DialogController
FN:53,(anonymous_5)
FN:59,(anonymous_6)
FN:61,(anonymous_7)
FN:63,(anonymous_8)
FNF:8
FNH:1
FNDA:1,(anonymous_1)
FNDA:0,Media
FNDA:0,(anonymous_3)
FNDA:0,DialogController
FNDA:0,(anonymous_5)
FNDA:0,(anonymous_6)
FNDA:0,(anonymous_7)
FNDA:0,(anonymous_8)
DA:1,1
DA:4,1
DA:8,1
DA:10,1
DA:11,0
DA:12,0
DA:13,0
DA:14,0
DA:16,0
DA:17,0
DA:18,0
DA:20,0
DA:21,0
DA:23,0
DA:24,0
DA:25,0
DA:27,0
DA:28,0
DA:29,0
DA:50,1
DA:51,0
DA:52,0
DA:53,0
DA:54,0
DA:59,0
DA:60,0
DA:61,0
DA:62,0
DA:63,0
DA:64,0
DA:65,0
DA:66,0
DA:68,0
LF:33
LH:5
BRDA:62,1,0,0
BRDA:62,1,1,0
BRDA:62,2,0,0
BRDA:62,2,1,0
BRDA:65,3,0,0
BRDA:65,3,1,0
BRF:6
BRH:0
end_of_record
TN:
SF:./src/client/app/landing/single.js
FN:1,(anonymous_1)
FN:10,Single
FNF:2
FNH:1
FNDA:1,(anonymous_1)
FNDA:0,Single
DA:1,1
DA:4,1
DA:8,1
DA:10,1
DA:11,0
DA:12,0
LF:6
LH:4
BRF:0
BRH:0
end_of_record
TN:
SF:./src/client/app/layout/shell.js
FN:1,(anonymous_1)
FN:9,Shell
FN:13,(anonymous_3)
FN:17,updateShrink
FN:18,(anonymous_5)
FN:23,goToUrl
FN:27,closeSideNav
FNF:7
FNH:1
FNDA:1,(anonymous_1)
FNDA:0,Shell
FNDA:0,(anonymous_3)
FNDA:0,updateShrink
FNDA:0,(anonymous_5)
FNDA:0,goToUrl
FNDA:0,closeSideNav
DA:1,1
DA:4,1
DA:7,1
DA:9,1
DA:10,0
DA:11,0
DA:13,0
DA:14,0
DA:17,1
DA:18,0
DA:19,0
DA:23,1
DA:24,0
DA:27,1
DA:28,0
DA:29,0
DA:30,0
DA:34,0
DA:36,0
DA:37,0
DA:38,0
LF:21
LH:7
BRDA:29,1,0,0
BRDA:29,1,1,0
BRF:2
BRH:0
end_of_record
TN:
SF:./src/client/app/widgets/ccDate.js
FN:1,(anonymous_1)
FN:9,ccDate
FN:12,(anonymous_3)
FNF:3
FNH:1
FNDA:1,(anonymous_1)
FNDA:0,ccDate
FNDA:0,(anonymous_3)
DA:1,1
DA:4,1
DA:7,1
DA:9,1
DA:10,0
DA:13,0
LF:6
LH:4
BRF:0
BRH:0
end_of_record
TN:
SF:./src/client/app/widgets/footer.js
FN:1,(anonymous_1)
FN:8,Footer
FNF:2
FNH:1
FNDA:1,(anonymous_1)
FNDA:0,Footer
DA:1,1
DA:4,1
DA:8,1
DA:9,0
DA:20,0
LF:5
LH:3
BRF:0
BRH:0
end_of_record
TN:
SF:./src/client/app/widgets/header.js
FN:1,(anonymous_1)
FN:9,appHeader
FN:19,HeaderCtrl
FN:25,(anonymous_4)
FN:29,(anonymous_5)
FN:35,updateShrink
FN:43,setShadow
FN:47,addShadow
FN:51,removeShadow
FN:55,goToUrl
FNF:10
FNH:1
FNDA:1,(anonymous_1)
FNDA:0,appHeader
FNDA:0,HeaderCtrl
FNDA:0,(anonymous_4)
FNDA:0,(anonymous_5)
FNDA:0,updateShrink
FNDA:0,setShadow
FNDA:0,addShadow
FNDA:0,removeShadow
FNDA:0,goToUrl
DA:1,1
DA:3,1
DA:7,1
DA:9,1
DA:10,0
DA:19,1
DA:20,0
DA:21,0
DA:22,0
DA:23,0
DA:25,0
DA:26,0
DA:29,0
DA:30,0
DA:33,0
DA:35,1
DA:36,0
DA:38,0
DA:39,0
DA:43,1
DA:44,0
DA:47,1
DA:48,0
DA:51,1
DA:52,0
DA:55,1
DA:56,0
DA:59,0
DA:60,0
DA:62,0
DA:63,0
DA:64,0
LF:32
LH:10
BRDA:38,1,0,0
BRDA:38,1,1,0
BRDA:44,2,0,0
BRDA:44,2,1,0
BRF:4
BRH:0
end_of_record
